  example.cpp
c:\users\owner\desktop\school\comp 4490\a1\comp4490a1\comp4490\src\example.cpp(104): warning C4244: 'argument': conversion from 'float' to 'unsigned char', possible loss of data
c:\users\owner\desktop\school\comp 4490\a1\comp4490a1\comp4490\src\example.cpp(159): warning C4305: 'argument': truncation from 'double' to 'float'
c:\users\owner\desktop\school\comp 4490\a1\comp4490a1\comp4490\src\example.cpp(163): warning C4305: 'argument': truncation from 'double' to 'float'
c:\users\owner\desktop\school\comp 4490\a1\comp4490a1\comp4490\src\example.cpp(168): warning C4305: 'argument': truncation from 'double' to 'float'
c:\users\owner\desktop\school\comp 4490\a1\comp4490a1\comp4490\src\example.cpp(173): warning C4305: 'argument': truncation from 'double' to 'float'
c:\users\owner\desktop\school\comp 4490\a1\comp4490a1\comp4490\src\example.cpp(174): warning C4305: 'argument': truncation from 'double' to 'float'
c:\users\owner\desktop\school\comp 4490\a1\comp4490a1\comp4490\src\example.cpp(240): warning C4305: 'argument': truncation from 'double' to 'float'
c:\users\owner\desktop\school\comp 4490\a1\comp4490a1\comp4490\src\example.cpp(241): warning C4305: 'argument': truncation from 'double' to 'float'
c:\users\owner\desktop\school\comp 4490\a1\comp4490a1\comp4490\src\example.cpp(245): warning C4305: 'argument': truncation from 'double' to 'float'
c:\users\owner\desktop\school\comp 4490\a1\comp4490a1\comp4490\src\example.cpp(249): warning C4305: 'argument': truncation from 'double' to 'float'
c:\users\owner\desktop\school\comp 4490\a1\comp4490a1\comp4490\src\example.cpp(253): warning C4305: 'argument': truncation from 'double' to 'float'
c:\users\owner\desktop\school\comp 4490\a1\comp4490a1\comp4490\src\example.cpp(258): warning C4305: 'argument': truncation from 'double' to 'float'
c:\users\owner\desktop\school\comp 4490\a1\comp4490a1\comp4490\src\example.cpp(268): warning C4305: 'argument': truncation from 'double' to 'float'
c:\users\owner\desktop\school\comp 4490\a1\comp4490a1\comp4490\src\example.cpp(269): warning C4305: 'argument': truncation from 'double' to 'float'
c:\users\owner\desktop\school\comp 4490\a1\comp4490a1\comp4490\src\example.cpp(398): warning C4244: 'initializing': conversion from 'int' to 'float', possible loss of data
c:\users\owner\desktop\school\comp 4490\a1\comp4490a1\comp4490\src\example.cpp(418): warning C4305: 'initializing': truncation from 'double' to 'float'
c:\users\owner\desktop\school\comp 4490\a1\comp4490a1\comp4490\src\example.cpp(525): warning C4244: 'initializing': conversion from 'double' to 'float', possible loss of data
c:\users\owner\desktop\school\comp 4490\a1\comp4490a1\comp4490\src\example.cpp(526): warning C4244: 'initializing': conversion from 'double' to 'float', possible loss of data
c:\users\owner\desktop\school\comp 4490\a1\comp4490a1\comp4490\src\example.cpp(532): warning C4244: '=': conversion from 'double' to 'float', possible loss of data
c:\users\owner\desktop\school\comp 4490\a1\comp4490a1\comp4490\src\example.cpp(533): warning C4244: '=': conversion from 'double' to 'float', possible loss of data
c:\users\owner\desktop\school\comp 4490\a1\comp4490a1\comp4490\src\example.cpp(585): warning C4305: '=': truncation from 'double' to 'float'
c:\users\owner\desktop\school\comp 4490\a1\comp4490a1\comp4490\src\example.cpp(586): warning C4305: '=': truncation from 'double' to 'float'
c:\users\owner\desktop\school\comp 4490\a1\comp4490a1\comp4490\src\example.cpp(588): warning C4305: 'argument': truncation from 'double' to 'float'
c:\users\owner\desktop\school\comp 4490\a1\comp4490a1\comp4490\src\example.cpp(597): warning C4305: '=': truncation from 'double' to 'float'
c:\users\owner\desktop\school\comp 4490\a1\comp4490a1\comp4490\src\example.cpp(598): warning C4305: '=': truncation from 'double' to 'float'
c:\users\owner\desktop\school\comp 4490\a1\comp4490a1\comp4490\src\example.cpp(600): warning C4305: 'argument': truncation from 'double' to 'float'
c:\users\owner\desktop\school\comp 4490\a1\comp4490a1\comp4490\src\example.cpp(693): warning C4244: '=': conversion from 'double' to 'float', possible loss of data
c:\users\owner\desktop\school\comp 4490\a1\comp4490a1\comp4490\src\example.cpp(694): warning C4244: '=': conversion from 'double' to 'float', possible loss of data
c:\users\owner\desktop\school\comp 4490\a1\comp4490a1\comp4490\src\example.cpp(739): warning C4305: 'initializing': truncation from 'double' to 'float'
c:\users\owner\desktop\school\comp 4490\a1\comp4490a1\comp4490\src\example.cpp(751): warning C4244: '=': conversion from 'double' to 'float', possible loss of data
c:\users\owner\desktop\school\comp 4490\a1\comp4490a1\comp4490\src\example.cpp(740): warning C4101: 'u1': unreferenced local variable
c:\users\owner\desktop\school\comp 4490\a1\comp4490a1\comp4490\src\example.cpp(740): warning C4101: 'v1': unreferenced local variable
c:\users\owner\desktop\school\comp 4490\a1\comp4490a1\comp4490\src\example.cpp(1178): warning C4305: '=': truncation from 'double' to 'float'
c:\users\owner\desktop\school\comp 4490\a1\comp4490a1\comp4490\src\example.cpp(1230): warning C4838: conversion from 'double' to 'float' requires a narrowing conversion
c:\users\owner\desktop\school\comp 4490\a1\comp4490a1\comp4490\src\example.cpp(1230): warning C4305: 'initializing': truncation from 'double' to 'float'
c:\users\owner\desktop\school\comp 4490\a1\comp4490a1\comp4490\src\example.cpp(1237): warning C4554: '&': check operator precedence for possible error; use parentheses to clarify precedence
c:\users\owner\desktop\school\comp 4490\a1\comp4490a1\comp4490\src\example.cpp(1239): warning C4305: 'argument': truncation from 'double' to 'float'
c:\users\owner\desktop\school\comp 4490\a1\comp4490a1\comp4490\src\example.cpp(1247): warning C4838: conversion from 'double' to 'float' requires a narrowing conversion
c:\users\owner\desktop\school\comp 4490\a1\comp4490a1\comp4490\src\example.cpp(1247): warning C4305: 'initializing': truncation from 'double' to 'float'
  COMP4490.vcxproj -> C:\Users\Owner\Desktop\School\COMP 4490\A1\comp4490a1\comp4490\build\comp4490.exe
